<?xml version="1.0" encoding="UTF-8"?>
<!-- Generated by org.testng.reporters.JUnitReportReporter -->
<testsuite hostname="DESKTOP-VKG18Q8" failures="0" tests="1" name="Chapter3TestNG.testcase3" time="32.177" errors="0" timestamp="2022-05-29T22:40:55 IST" skipped="0">
  <testcase classname="Chapter3TestNG.testcase3" name="creatpage" time="32.177"/>
  <system-out>
    <![CDATA[Log in to Facebook
https://www.facebook.com/login/?next=https%3A%2F%2Fwww.facebook.com%2Fpages%2Fcreate%2F%3Fref_type%3Dregistration_form]]>
  </system-out>
</testsuite> <!-- Chapter3TestNG.testcase3 -->
