<?xml version="1.0" encoding="UTF-8"?>
<!-- Generated by org.testng.reporters.JUnitReportReporter -->
<testsuite hostname="DESKTOP-VKG18Q8" failures="0" tests="1" name="Chapter3TestNG.testcase2" time="31.153" errors="0" timestamp="2022-05-10T00:46:34 IST" skipped="0">
  <testcase classname="Chapter3TestNG.testcase2" name="forgotpaswword" time="31.153"/>
  <system-out>
    <![CDATA[Forgotten Password | Can't Log In | Facebook
https://www.facebook.com/login/identify/?ctx=recover&ars=facebook_login&from_login_screen=0]]>
  </system-out>
</testsuite> <!-- Chapter3TestNG.testcase2 -->
