<?xml version="1.0" encoding="UTF-8"?>
<!-- Generated by org.testng.reporters.JUnitReportReporter -->
<testsuite hostname="DESKTOP-VKG18Q8" failures="0" tests="7" name="Chapter3TestNG.Skipoff$Pirority" time="0.034" errors="0" timestamp="2022-05-07T21:02:42 IST" skipped="1">
  <testcase classname="Chapter3TestNG.Skipoff$Pirority" name="fruit" time="0.004"/>
  <system-out>
    <![CDATA[fruit]]>
  </system-out>
  <testcase classname="Chapter3TestNG.Skipoff$Pirority" name="fruit" time="0.016"/>
  <system-out>
    <![CDATA[fruit]]>
  </system-out>
  <testcase classname="Chapter3TestNG.Skipoff$Pirority" name="fruit" time="0.003"/>
  <system-out>
    <![CDATA[fruit]]>
  </system-out>
  <testcase classname="Chapter3TestNG.Skipoff$Pirority" name="mango" time="0.002"/>
  <system-out>
    <![CDATA[mango]]>
  </system-out>
  <testcase classname="Chapter3TestNG.Skipoff$Pirority" name="mango" time="0.002"/>
  <system-out>
    <![CDATA[mango]]>
  </system-out>
  <testcase classname="Chapter3TestNG.Skipoff$Pirority" name="mango" time="0.007"/>
  <system-out>
    <![CDATA[mango]]>
  </system-out>
  <testcase classname="Chapter3TestNG.Skipoff$Pirority" name="food">
    <skipped/>
  </testcase> <!-- food -->
  <system-out/>
</testsuite> <!-- Chapter3TestNG.Skipoff$Pirority -->
