<?xml version="1.0" encoding="UTF-8"?>
<!-- Generated by org.testng.reporters.JUnitReportReporter -->
<testsuite hostname="DESKTOP-VKG18Q8" failures="0" tests="1" name="Chapter3TestNG.TestNG" time="0.017" errors="0" timestamp="2022-05-07T20:27:00 IST" skipped="0">
  <testcase classname="Chapter3TestNG.TestNG" name="tc1" time="0.017"/>
  <system-out>
    <![CDATA[Hello selenium
hello java]]>
  </system-out>
</testsuite> <!-- Chapter3TestNG.TestNG -->
