<?xml version="1.0" encoding="UTF-8"?>
<!-- Generated by org.testng.reporters.JUnitReportReporter -->
<testsuite hostname="DESKTOP-VKG18Q8" failures="0" tests="7" name="Chapter3TestNG.Invocationcount$Pirority" time="0.048" errors="0" timestamp="2022-05-07T20:58:22 IST" skipped="0">
  <testcase classname="Chapter3TestNG.Invocationcount$Pirority" name="fruit" time="0.003"/>
  <system-out>
    <![CDATA[fruit]]>
  </system-out>
  <testcase classname="Chapter3TestNG.Invocationcount$Pirority" name="fruit" time="0.019"/>
  <system-out>
    <![CDATA[fruit]]>
  </system-out>
  <testcase classname="Chapter3TestNG.Invocationcount$Pirority" name="fruit" time="0.002"/>
  <system-out>
    <![CDATA[fruit]]>
  </system-out>
  <testcase classname="Chapter3TestNG.Invocationcount$Pirority" name="mango" time="0.013"/>
  <system-out>
    <![CDATA[mango]]>
  </system-out>
  <testcase classname="Chapter3TestNG.Invocationcount$Pirority" name="mango" time="0.003"/>
  <system-out>
    <![CDATA[mango]]>
  </system-out>
  <testcase classname="Chapter3TestNG.Invocationcount$Pirority" name="mango" time="0.006"/>
  <system-out>
    <![CDATA[mango]]>
  </system-out>
  <testcase classname="Chapter3TestNG.Invocationcount$Pirority" name="food" time="0.002"/>
  <system-out>
    <![CDATA[food]]>
  </system-out>
</testsuite> <!-- Chapter3TestNG.Invocationcount$Pirority -->
