<?xml version="1.0" encoding="UTF-8"?>
<!-- Generated by org.testng.reporters.JUnitReportReporter -->
<testsuite hostname="DESKTOP-VKG18Q8" failures="0" tests="3" name="Chapter3TestNG.Pirority" time="0.018" errors="0" timestamp="2022-07-04T15:51:17 IST" skipped="0">
  <testcase classname="Chapter3TestNG.Pirority" name="fruit" time="0.015"/>
  <system-out>
    <![CDATA[fruit]]>
  </system-out>
  <testcase classname="Chapter3TestNG.Pirority" name="mango" time="0.002"/>
  <system-out>
    <![CDATA[mango]]>
  </system-out>
  <testcase classname="Chapter3TestNG.Pirority" name="food" time="0.001"/>
  <system-out>
    <![CDATA[food]]>
  </system-out>
</testsuite> <!-- Chapter3TestNG.Pirority -->
